<?xml version="1.0" encoding="UTF-8"?>
<!-- Generated by org.testng.reporters.JUnitReportReporter -->
<testsuite hostname="DESKTOP-A1CL3GS" failures="0" tests="4" name="TestCases.TC003_Get_Employee_withId" time="0.109" errors="0" timestamp="2023-04-26T15:30:21 IST" skipped="0">
  <testcase classname="TestCases.TC003_Get_Employee_withId" name="checkStatusCode" time="0.019"/>
  <system-out/>
  <testcase classname="TestCases.TC003_Get_Employee_withId" name="checkContentType" time="0.015"/>
  <system-out/>
  <testcase classname="TestCases.TC003_Get_Employee_withId" name="checkResponseTime" time="0.017"/>
  <system-out/>
  <testcase classname="TestCases.TC003_Get_Employee_withId" name="checkResponseBody" time="0.058"/>
  <system-out/>
</testsuite> <!-- TestCases.TC003_Get_Employee_withId -->
